"../../../../../Git/GameJamUroboros/GameJamUroboros/Content/Levels/NewMap.uasset" 0
"../../../../../Git/GameJamUroboros/GameJamUroboros/Content/NewMap.uasset" 1
"../../../Engine/Content/Functions/Engine_MaterialFunctions01/Texturing/FlattenNormal.uasset" 2
"../../../../../Git/GameJamUroboros/GameJamUroboros/Content/beffio/Medieval_Kingdom/Content/Textures/Banners_texture/T_Banners_AO.uasset" 3
"../../../../../Git/GameJamUroboros/GameJamUroboros/Content/beffio/Medieval_Kingdom/Content/Textures/Banners_texture/T_Banners_BC.uasset" 4
"../../../../../Git/GameJamUroboros/GameJamUroboros/Content/beffio/Medieval_Kingdom/Content/Textures/Banners_texture/T_Banners_MT.uasset" 5
"../../../../../Git/GameJamUroboros/GameJamUroboros/Content/beffio/Medieval_Kingdom/Content/Textures/Banners_texture/T_Banners_N.uasset" 6
"../../../../../Git/GameJamUroboros/GameJamUroboros/Content/beffio/Medieval_Kingdom/Content/Textures/Buildings/Building_1/T_House_1_E.uasset" 7
"../../../../../Git/GameJamUroboros/GameJamUroboros/Content/beffio/Medieval_Kingdom/Content/Materials/Master_Materials/M_BaseShader.uasset" 8
"../../../../../Git/GameJamUroboros/GameJamUroboros/Content/beffio/Medieval_Kingdom/Content/Textures/Food/T_Foods_AO.uasset" 9
"../../../../../Git/GameJamUroboros/GameJamUroboros/Content/beffio/Medieval_Kingdom/Content/Textures/Food/T_Foods_BC.uasset" 10
"../../../../../Git/GameJamUroboros/GameJamUroboros/Content/beffio/Medieval_Kingdom/Content/Textures/Food/T_Foods_MT.uasset" 11
"../../../../../Git/GameJamUroboros/GameJamUroboros/Content/beffio/Medieval_Kingdom/Content/Textures/Food/T_Foods_N.uasset" 12
"../../../../../Git/GameJamUroboros/GameJamUroboros/Content/beffio/Medieval_Kingdom/Content/Materials/Materials_Instances/Food/MI_Food.uasset" 13
"../../../../../Git/GameJamUroboros/GameJamUroboros/Content/beffio/Medieval_Kingdom/Content/Models/food/SM_Meat.uasset" 14
"../../../../../Git/GameJamUroboros/GameJamUroboros/Content/Blueprints/BP_Bait.uasset" 15
"../../../Engine/Content/EditorBlueprintResources/StandardMacros.uasset" 16
"../../../Engine/Content/Functions/Engine_MaterialFunctions01/Opacity/CameraDepthFade.uasset" 17
"../../../../../Git/GameJamUroboros/GameJamUroboros/Content/StarterContent/Textures/T_Concrete_Tiles_D.uasset" 18
"../../../../../Git/GameJamUroboros/GameJamUroboros/Content/StarterContent/Textures/T_Concrete_Tiles_M.uasset" 19
"../../../../../Git/GameJamUroboros/GameJamUroboros/Content/StarterContent/Textures/T_Concrete_Tiles_N.uasset" 20
"../../../../../Git/GameJamUroboros/GameJamUroboros/Content/StarterContent/Textures/T_Concrete_Tiles_Variation_M.uasset" 21
"../../../../../Git/GameJamUroboros/GameJamUroboros/Content/StarterContent/Textures/T_MacroVariation.uasset" 22
"../../../../../Git/GameJamUroboros/GameJamUroboros/Content/StarterContent/Materials/M_Concrete_Tiles.uasset" 23
"../../../Engine/Content/EngineMaterials/T_Default_Material_Grid_M.uasset" 24
"../../../Engine/Content/EngineMaterials/T_Default_Material_Grid_N.uasset" 25
"../../../Engine/Content/EngineMaterials/WorldGridMaterial.uasset" 26
"../../../Engine/Content/BasicShapes/Cube.uasset" 27
"../../../../../Git/GameJamUroboros/GameJamUroboros/Content/Blueprints/BP_Floor.uasset" 28
"../../../Engine/Content/BasicShapes/BasicShapeMaterial.uasset" 29
"../../../../../Git/GameJamUroboros/GameJamUroboros/Content/StarterContent/Materials/M_Metal_Chrome.uasset" 30
"../../../../../Git/GameJamUroboros/GameJamUroboros/Content/StarterContent/Textures/T_Wood_Walnut_D.uasset" 31
"../../../../../Git/GameJamUroboros/GameJamUroboros/Content/StarterContent/Textures/T_Wood_Walnut_N.uasset" 32
"../../../../../Git/GameJamUroboros/GameJamUroboros/Content/StarterContent/Materials/M_Wood_Walnut.uasset" 33
"../../../Engine/Content/EngineMaterials/DefaultMaterial.uasset" 34
"../../../Engine/Content/BasicShapes/Cone.uasset" 35
"../../../Engine/Content/BasicShapes/Cylinder.uasset" 36
"../../../../../Git/GameJamUroboros/GameJamUroboros/Content/Blueprints/Trampas/BP_Flecha.uasset" 37
"../../../../../Git/GameJamUroboros/GameJamUroboros/Content/StarterContent/Textures/T_Brick_Cut_Stone_D.uasset" 38
"../../../../../Git/GameJamUroboros/GameJamUroboros/Content/StarterContent/Textures/T_Brick_Cut_Stone_N.uasset" 39
"../../../../../Git/GameJamUroboros/GameJamUroboros/Content/StarterContent/Textures/T_Perlin_Noise_M.uasset" 40
"../../../../../Git/GameJamUroboros/GameJamUroboros/Content/StarterContent/Materials/M_Brick_Cut_Stone.uasset" 41
"../../../Engine/Content/Functions/Engine_MaterialFunctions02/Utility/BlendAngleCorrectedNormals.uasset" 42
"../../../../../Git/GameJamUroboros/GameJamUroboros/Content/StarterContent/Textures/T_Detail_Rocky_N.uasset" 43
"../../../../../Git/GameJamUroboros/GameJamUroboros/Content/StarterContent/Textures/T_Rock_Basalt_D.uasset" 44
"../../../../../Git/GameJamUroboros/GameJamUroboros/Content/StarterContent/Textures/T_RockMesh_M.uasset" 45
"../../../../../Git/GameJamUroboros/GameJamUroboros/Content/StarterContent/Textures/T_RockMesh_N.uasset" 46
"../../../../../Git/GameJamUroboros/GameJamUroboros/Content/StarterContent/Props/Materials/M_Rock.uasset" 47
"../../../../../Git/GameJamUroboros/GameJamUroboros/Content/Blueprints/Trampas/BP_TrampaFlechas.uasset" 48
"../../../../../Git/GameJamUroboros/GameJamUroboros/Content/beffio/Medieval_Kingdom/Content/Textures/Roofing/T_Roofing_1_BC.uasset" 49
"../../../../../Git/GameJamUroboros/GameJamUroboros/Content/beffio/Medieval_Kingdom/Content/Textures/Roofing/T_Roofing_AO.uasset" 50
"../../../../../Git/GameJamUroboros/GameJamUroboros/Content/beffio/Medieval_Kingdom/Content/Textures/Roofing/T_Roofing_E.uasset" 51
"../../../../../Git/GameJamUroboros/GameJamUroboros/Content/beffio/Medieval_Kingdom/Content/Textures/Roofing/T_Roofing_MT.uasset" 52
"../../../../../Git/GameJamUroboros/GameJamUroboros/Content/beffio/Medieval_Kingdom/Content/Textures/Roofing/T_Roofing_N.uasset" 53
"../../../../../Git/GameJamUroboros/GameJamUroboros/Content/beffio/Medieval_Kingdom/Content/Materials/Materials_Instances/Roofing/MI_Roofing_1_Red.uasset" 54
"../../../../../Git/GameJamUroboros/GameJamUroboros/Content/beffio/Medieval_Kingdom/Content/Textures/Stone_Walls/T_Stone_Wall_AO.uasset" 55
"../../../../../Git/GameJamUroboros/GameJamUroboros/Content/beffio/Medieval_Kingdom/Content/Textures/Stone_Walls/T_Stone_Wall_BC.uasset" 56
"../../../../../Git/GameJamUroboros/GameJamUroboros/Content/beffio/Medieval_Kingdom/Content/Textures/Stone_Walls/T_Stone_Wall_MT.uasset" 57
"../../../../../Git/GameJamUroboros/GameJamUroboros/Content/beffio/Medieval_Kingdom/Content/Textures/Stone_Walls/T_Stone_Wall_N.uasset" 58
"../../../../../Git/GameJamUroboros/GameJamUroboros/Content/beffio/Medieval_Kingdom/Content/Materials/Materials_Instances/Stone_Walls/MI_Stone_Walls.uasset" 59
"../../../../../Git/GameJamUroboros/GameJamUroboros/Content/Character/monk_albedo.uasset" 60
"../../../../../Git/GameJamUroboros/GameJamUroboros/Content/Character/monk_material.uasset" 61
"../../../../../Git/GameJamUroboros/GameJamUroboros/Content/Character/MainCharacter_PhysicsAsset.uasset" 62
"../../../../../Git/GameJamUroboros/GameJamUroboros/Content/Character/MainCharacter_Skeleton.uasset" 63
"../../../../../Git/GameJamUroboros/GameJamUroboros/Content/Character/MainCharacter.uasset" 64
"../../../../../Git/GameJamUroboros/GameJamUroboros/Content/Blueprints/Trampas/BP_TrampaPinchos.uasset" 65
"../../../../../Git/GameJamUroboros/GameJamUroboros/Content/StarterContent/Props/SM_Rock.uasset" 66
"../../../../../Git/GameJamUroboros/GameJamUroboros/Content/Blueprints/BP_Rock.uasset" 67
"../../../../../Git/GameJamUroboros/GameJamUroboros/Content/StarterContent/Audio/Explosion_Cue.uasset" 68
"../../../../../Git/GameJamUroboros/GameJamUroboros/Content/StarterContent/Textures/T_Burst_M.uasset" 69
"../../../../../Git/GameJamUroboros/GameJamUroboros/Content/StarterContent/Particles/Materials/M_Burst.uasset" 70
"../../../../../Git/GameJamUroboros/GameJamUroboros/Content/StarterContent/Textures/T_Explosion_SubUV.uasset" 71
"../../../../../Git/GameJamUroboros/GameJamUroboros/Content/StarterContent/Particles/Materials/M_explosion_subUV.uasset" 72
"../../../../../Git/GameJamUroboros/GameJamUroboros/Content/StarterContent/Particles/Materials/m_flare_01.uasset" 73
"../../../Engine/Content/Functions/Engine_MaterialFunctions01/Gradient/RadialGradient.uasset" 74
"../../../../../Git/GameJamUroboros/GameJamUroboros/Content/StarterContent/Particles/Materials/M_radial_ramp.uasset" 75
"../../../../../Git/GameJamUroboros/GameJamUroboros/Content/StarterContent/Textures/T_Smoke_SubUV.uasset" 76
"../../../../../Git/GameJamUroboros/GameJamUroboros/Content/StarterContent/Textures/T_Smoke_Tiled_D.uasset" 77
"../../../../../Git/GameJamUroboros/GameJamUroboros/Content/StarterContent/Particles/Materials/M_smoke_subUV.uasset" 78
"../../../../../Git/GameJamUroboros/GameJamUroboros/Content/StarterContent/Particles/P_Explosion.uasset" 79
"../../../../../Git/GameJamUroboros/GameJamUroboros/Content/StarterContent/Blueprints/Blueprint_Effect_Explosion.uasset" 80
"../../../../../Git/GameJamUroboros/GameJamUroboros/Content/StarterContent/Audio/Steam01.uasset" 81
"../../../../../Git/GameJamUroboros/GameJamUroboros/Content/StarterContent/Audio/Steam01_Cue.uasset" 82
"../../../../../Git/GameJamUroboros/GameJamUroboros/Content/StarterContent/Particles/P_Steam_Lit.uasset" 83
"../../../../../Git/GameJamUroboros/GameJamUroboros/Content/StarterContent/Blueprints/Blueprint_Effect_Steam.uasset" 84
"../../../../../Git/GameJamUroboros/GameJamUroboros/Content/Blueprints/BP_Player.uasset" 85
"../../../../../Git/GameJamUroboros/GameJamUroboros/Content/Enemy/Imp_D.uasset" 86
"../../../../../Git/GameJamUroboros/GameJamUroboros/Content/Enemy/Material__25.uasset" 87
"../../../../../Git/GameJamUroboros/GameJamUroboros/Content/Enemy/Orc.uasset" 88
"../../../../../Git/GameJamUroboros/GameJamUroboros/Content/Blueprints/BP_Enemy.uasset" 89
"../../../../../Git/GameJamUroboros/GameJamUroboros/Content/Potions/Materials/Mat_Cork.uasset" 90
"../../../Engine/Content/EngineMaterials/BlendFunc_DefBase.uasset" 91
"../../../Engine/Content/EngineMaterials/BlendFunc_DefBlend.uasset" 92
"../../../Engine/Content/Functions/Engine_MaterialFunctions03/Blends/Blend_SoftLight.uasset" 93
"../../../../../Git/GameJamUroboros/GameJamUroboros/Content/Potions/Textures/Bubbles.uasset" 94
"../../../../../Git/GameJamUroboros/GameJamUroboros/Content/Potions/Materials/Mat_ExplosionPLiquid.uasset" 95
"../../../../../Git/GameJamUroboros/GameJamUroboros/Content/Potions/Materials/Mat_Glass.uasset" 96
"../../../../../Git/GameJamUroboros/GameJamUroboros/Content/Potions/Meshes/PotionB.uasset" 97
"../../../../../Git/GameJamUroboros/GameJamUroboros/Content/Blueprints/BP_ExplosionPotion.uasset" 98
"../../../../../Git/GameJamUroboros/GameJamUroboros/Content/Potions/Materials/Mat_StonePLiquid.uasset" 99
"../../../../../Git/GameJamUroboros/GameJamUroboros/Content/Potions/Meshes/PotionC.uasset" 100
"../../../../../Git/GameJamUroboros/GameJamUroboros/Content/Blueprints/BP_StonePotion.uasset" 101
"../../../../../Git/GameJamUroboros/GameJamUroboros/Content/beffio/Medieval_Kingdom/Content/Textures/Props/Props_1/T_Props_1_AO.uasset" 102
"../../../../../Git/GameJamUroboros/GameJamUroboros/Content/beffio/Medieval_Kingdom/Content/Textures/Props/Props_1/T_Props_1_BC.uasset" 103
"../../../../../Git/GameJamUroboros/GameJamUroboros/Content/beffio/Medieval_Kingdom/Content/Textures/Props/Props_1/T_Props_1_MT.uasset" 104
"../../../../../Git/GameJamUroboros/GameJamUroboros/Content/beffio/Medieval_Kingdom/Content/Textures/Props/Props_1/T_Props_1_N.uasset" 105
"../../../../../Git/GameJamUroboros/GameJamUroboros/Content/beffio/Medieval_Kingdom/Content/Materials/Materials_Instances/Props/MI_Props_1.uasset" 106
"../../../../../Git/GameJamUroboros/GameJamUroboros/Content/beffio/Medieval_Kingdom/Content/Models/Props/Props_1/SM_Barrel.uasset" 107
"../../../../../Git/GameJamUroboros/GameJamUroboros/Content/BlueprintsMigrate/BP_Barrel.uasset" 108
"../../../../../Git/GameJamUroboros/GameJamUroboros/Content/beffio/Medieval_Kingdom/Content/Models/Props/Props_1/SM_Box.uasset" 109
"../../../../../Git/GameJamUroboros/GameJamUroboros/Content/BlueprintsMigrate/BP_Box.uasset" 110
"../../../../../Git/GameJamUroboros/GameJamUroboros/Content/beffio/Medieval_Kingdom/Content/Models/Props/Props_1/SM_Broken_Wheel.uasset" 111
"../../../../../Git/GameJamUroboros/GameJamUroboros/Content/BlueprintsMigrate/BP_Broken_Wheel.uasset" 112
"../../../../../Git/GameJamUroboros/GameJamUroboros/Content/beffio/Medieval_Kingdom/Content/Models/food/SM_Cheese_Big.uasset" 113
"../../../../../Git/GameJamUroboros/GameJamUroboros/Content/BlueprintsMigrate/BP_Cheese.uasset" 114
"../../../../../Git/GameJamUroboros/GameJamUroboros/Content/beffio/Medieval_Kingdom/Content/Models/Props/Props_1/SM_Lantern.uasset" 115
"../../../../../Git/GameJamUroboros/GameJamUroboros/Content/BlueprintsMigrate/BP_Lantern.uasset" 116
"../../../../../Git/GameJamUroboros/GameJamUroboros/Content/beffio/Medieval_Kingdom/Content/Textures/Magic_Stone/T_Magic_Stone_2_E.uasset" 117
"../../../../../Git/GameJamUroboros/GameJamUroboros/Content/beffio/Medieval_Kingdom/Content/Textures/Magic_Stone/T_Magic_Stone_AO.uasset" 118
"../../../../../Git/GameJamUroboros/GameJamUroboros/Content/beffio/Medieval_Kingdom/Content/Textures/Magic_Stone/T_Magic_Stone_BC.uasset" 119
"../../../../../Git/GameJamUroboros/GameJamUroboros/Content/beffio/Medieval_Kingdom/Content/Textures/Magic_Stone/T_Magic_Stone_MT.uasset" 120
"../../../../../Git/GameJamUroboros/GameJamUroboros/Content/beffio/Medieval_Kingdom/Content/Textures/Magic_Stone/T_Magic_Stone_N.uasset" 121
"../../../../../Git/GameJamUroboros/GameJamUroboros/Content/beffio/Medieval_Kingdom/Content/Materials/Materials_Instances/MagicStone/MI_Magic_Stone.uasset" 122
"../../../../../Git/GameJamUroboros/GameJamUroboros/Content/beffio/Medieval_Kingdom/Content/Models/MagicStone/SM_Magic_Stone.uasset" 123
"../../../../../Git/GameJamUroboros/GameJamUroboros/Content/BlueprintsMigrate/BP_Magic_Stone.uasset" 124
"../../../../../Git/GameJamUroboros/GameJamUroboros/Content/BlueprintsMigrate/BP_Meat.uasset" 125
"../../../../../Git/GameJamUroboros/GameJamUroboros/Content/beffio/Medieval_Kingdom/Content/Models/Roofing/SM_Roof_Half_Flatten.uasset" 126
"../../../../../Git/GameJamUroboros/GameJamUroboros/Content/BlueprintsMigrate/BP_Roof_Half_Flatten.uasset" 127
"../../../../../Git/GameJamUroboros/GameJamUroboros/Content/beffio/Medieval_Kingdom/Content/Textures/Stone_bridge/Stone_Bridge_1/T_Stone_Bridge_1_AO.uasset" 128
"../../../../../Git/GameJamUroboros/GameJamUroboros/Content/beffio/Medieval_Kingdom/Content/Textures/Stone_bridge/Stone_Bridge_1/T_Stone_Bridge_1_BC.uasset" 129
"../../../../../Git/GameJamUroboros/GameJamUroboros/Content/beffio/Medieval_Kingdom/Content/Textures/Stone_bridge/Stone_Bridge_1/T_Stone_Bridge_1_MT.uasset" 130
"../../../../../Git/GameJamUroboros/GameJamUroboros/Content/beffio/Medieval_Kingdom/Content/Textures/Stone_bridge/Stone_Bridge_1/T_Stone_Bridge_1_N.uasset" 131
"../../../../../Git/GameJamUroboros/GameJamUroboros/Content/beffio/Medieval_Kingdom/Content/Materials/Materials_Instances/Stone_bridge/MI_Stone_Bridge_1.uasset" 132
"../../../../../Git/GameJamUroboros/GameJamUroboros/Content/beffio/Medieval_Kingdom/Content/Models/Stone_bridge/SM_Stone_bridge.uasset" 133
"../../../../../Git/GameJamUroboros/GameJamUroboros/Content/BlueprintsMigrate/BP_Stone_bridge.uasset" 134
"../../../../../Git/GameJamUroboros/GameJamUroboros/Content/beffio/Medieval_Kingdom/Content/Models/Props/Props_1/SM_Well.uasset" 135
"../../../../../Git/GameJamUroboros/GameJamUroboros/Content/BlueprintsMigrate/BP_Well.uasset" 136
"../../../../../Git/GameJamUroboros/GameJamUroboros/Content/beffio/Medieval_Kingdom/Content/Textures/Props/Props_2/T_Props_2_AO.uasset" 137
"../../../../../Git/GameJamUroboros/GameJamUroboros/Content/beffio/Medieval_Kingdom/Content/Textures/Props/Props_2/T_Props_2_BC.uasset" 138
"../../../../../Git/GameJamUroboros/GameJamUroboros/Content/beffio/Medieval_Kingdom/Content/Textures/Props/Props_2/T_Props_2_MT.uasset" 139
"../../../../../Git/GameJamUroboros/GameJamUroboros/Content/beffio/Medieval_Kingdom/Content/Textures/Props/Props_2/T_Props_2_N.uasset" 140
"../../../../../Git/GameJamUroboros/GameJamUroboros/Content/beffio/Medieval_Kingdom/Content/Materials/Materials_Instances/Props/MI_Props_2.uasset" 141
"../../../../../Git/GameJamUroboros/GameJamUroboros/Content/beffio/Medieval_Kingdom/Content/Models/Props/Props_2/SM_Woof_Fence_4.uasset" 142
"../../../../../Git/GameJamUroboros/GameJamUroboros/Content/BlueprintsMigrate/BP_Woof_Fence_4.uasset" 143
"../../../../../Git/GameJamUroboros/GameJamUroboros/Content/beffio/Medieval_Kingdom/Content/Textures/Wall_2/T_Wall_2_BC.uasset" 144
"../../../../../Git/GameJamUroboros/GameJamUroboros/Content/beffio/Medieval_Kingdom/Content/Textures/Wall_2/T_Wall_2_E.uasset" 145
"../../../../../Git/GameJamUroboros/GameJamUroboros/Content/beffio/Medieval_Kingdom/Content/Textures/Wall_2/T_Wall_2_MT.uasset" 146
"../../../../../Git/GameJamUroboros/GameJamUroboros/Content/beffio/Medieval_Kingdom/Content/Textures/Wall_2/T_Wall_2_N.uasset" 147
"../../../../../Git/GameJamUroboros/GameJamUroboros/Content/beffio/Medieval_Kingdom/Content/Materials/Materials_Instances/Wall_2/MI_Wall_2.uasset" 148
"../../../../../Git/GameJamUroboros/GameJamUroboros/Content/BlueprintsMigrate/SM_Arc_1.uasset" 149
"../../../../../Git/GameJamUroboros/GameJamUroboros/Content/BlueprintsMigrate/SM_Arc_2.uasset" 150
"../../../../../Git/GameJamUroboros/GameJamUroboros/Content/BlueprintsMigrate/SM_Arc_3.uasset" 151
"../../../../../Git/GameJamUroboros/GameJamUroboros/Content/BlueprintsMigrate/SM_Big_Doors_1.uasset" 152
"../../../../../Git/GameJamUroboros/GameJamUroboros/Content/BlueprintsMigrate/SM_Big_Doors_3.uasset" 153
"../../../../../Git/GameJamUroboros/GameJamUroboros/Content/BlueprintsMigrate/SM_Filar_1.uasset" 154
"../../../../../Git/GameJamUroboros/GameJamUroboros/Content/BlueprintsMigrate/SM_Filar_1_Half.uasset" 155
"../../../../../Git/GameJamUroboros/GameJamUroboros/Content/BlueprintsMigrate/SM_Filar_2.uasset" 156
"../../../../../Git/GameJamUroboros/GameJamUroboros/Content/BlueprintsMigrate/SM_Filar_2_Half.uasset" 157
"../../../../../Git/GameJamUroboros/GameJamUroboros/Content/BlueprintsMigrate/SM_Filar_3.uasset" 158
"../../../../../Git/GameJamUroboros/GameJamUroboros/Content/BlueprintsMigrate/SM_Filar_3_Half.uasset" 159
"../../../../../Git/GameJamUroboros/GameJamUroboros/Content/BlueprintsMigrate/SM_Filar_4.uasset" 160
"../../../../../Git/GameJamUroboros/GameJamUroboros/Content/BlueprintsMigrate/SM_Filar_5.uasset" 161
"../../../../../Git/GameJamUroboros/GameJamUroboros/Content/BlueprintsMigrate/SM_Filar_6.uasset" 162
"../../../../../Git/GameJamUroboros/GameJamUroboros/Content/beffio/Medieval_Kingdom/Content/Textures/Wall_3/T_Wall_3_BC.uasset" 163
"../../../../../Git/GameJamUroboros/GameJamUroboros/Content/beffio/Medieval_Kingdom/Content/Textures/Wall_3/T_Wall_3_E.uasset" 164
"../../../../../Git/GameJamUroboros/GameJamUroboros/Content/beffio/Medieval_Kingdom/Content/Textures/Wall_3/T_Wall_3_MT.uasset" 165
"../../../../../Git/GameJamUroboros/GameJamUroboros/Content/beffio/Medieval_Kingdom/Content/Textures/Wall_3/T_Wall_3_N.uasset" 166
"../../../../../Git/GameJamUroboros/GameJamUroboros/Content/beffio/Medieval_Kingdom/Content/Materials/Materials_Instances/Wall_3/MI_Wall_3.uasset" 167
"../../../../../Git/GameJamUroboros/GameJamUroboros/Content/BlueprintsMigrate/SM_Fireplace_1.uasset" 168
"../../../../../Git/GameJamUroboros/GameJamUroboros/Content/BlueprintsMigrate/SM_Fireplace_2.uasset" 169
"../../../../../Git/GameJamUroboros/GameJamUroboros/Content/beffio/Medieval_Kingdom/Content/Textures/Ruins/Ruins_1/T_Ruins_01_N.uasset" 170
"../../../../../Git/GameJamUroboros/GameJamUroboros/Content/beffio/Medieval_Kingdom/Content/Textures/Ruins/Ruins_1/T_Ruins_1_AO.uasset" 171
"../../../../../Git/GameJamUroboros/GameJamUroboros/Content/beffio/Medieval_Kingdom/Content/Textures/Ruins/Ruins_1/T_Ruins_1_BC.uasset" 172
"../../../../../Git/GameJamUroboros/GameJamUroboros/Content/beffio/Medieval_Kingdom/Content/Textures/Ruins/Ruins_1/T_Ruins_1_MT.uasset" 173
"../../../../../Git/GameJamUroboros/GameJamUroboros/Content/beffio/Medieval_Kingdom/Content/Materials/Materials_Instances/Ruins/MI_Ruins_1.uasset" 174
"../../../../../Git/GameJamUroboros/GameJamUroboros/Content/BlueprintsMigrate/SM_Ruins_1.uasset" 175
"../../../../../Git/GameJamUroboros/GameJamUroboros/Content/beffio/Medieval_Kingdom/Content/Textures/Ruins/Ruins_2/T_Ruins_2_AO.uasset" 176
"../../../../../Git/GameJamUroboros/GameJamUroboros/Content/beffio/Medieval_Kingdom/Content/Textures/Ruins/Ruins_2/T_Ruins_2_BC.uasset" 177
"../../../../../Git/GameJamUroboros/GameJamUroboros/Content/beffio/Medieval_Kingdom/Content/Textures/Ruins/Ruins_2/T_Ruins_2_MT.uasset" 178
"../../../../../Git/GameJamUroboros/GameJamUroboros/Content/beffio/Medieval_Kingdom/Content/Textures/Ruins/Ruins_2/T_Ruins_2_N.uasset" 179
"../../../../../Git/GameJamUroboros/GameJamUroboros/Content/beffio/Medieval_Kingdom/Content/Materials/Materials_Instances/Ruins/MI_Ruins_2.uasset" 180
"../../../../../Git/GameJamUroboros/GameJamUroboros/Content/BlueprintsMigrate/SM_Ruins_2.uasset" 181
"../../../../../Git/GameJamUroboros/GameJamUroboros/Content/beffio/Medieval_Kingdom/Content/Textures/Ruins/Ruins_3/T_Ruins_03_N.uasset" 182
"../../../../../Git/GameJamUroboros/GameJamUroboros/Content/beffio/Medieval_Kingdom/Content/Textures/Ruins/Ruins_3/T_Ruins_3_AO.uasset" 183
"../../../../../Git/GameJamUroboros/GameJamUroboros/Content/beffio/Medieval_Kingdom/Content/Textures/Ruins/Ruins_3/T_Ruins_3_BC.uasset" 184
"../../../../../Git/GameJamUroboros/GameJamUroboros/Content/beffio/Medieval_Kingdom/Content/Textures/Ruins/Ruins_3/T_Ruins_3_MT.uasset" 185
"../../../../../Git/GameJamUroboros/GameJamUroboros/Content/beffio/Medieval_Kingdom/Content/Materials/Materials_Instances/Ruins/MI_Ruins_3.uasset" 186
"../../../../../Git/GameJamUroboros/GameJamUroboros/Content/BlueprintsMigrate/SM_Ruins_3_A.uasset" 187
"../../../../../Git/GameJamUroboros/GameJamUroboros/Content/BlueprintsMigrate/SM_Ruins_3_B.uasset" 188
"../../../../../Git/GameJamUroboros/GameJamUroboros/Content/BlueprintsMigrate/SM_Ruins_3_C.uasset" 189
"../../../../../Git/GameJamUroboros/GameJamUroboros/Content/BlueprintsMigrate/SM_Ruins_3_D.uasset" 190
"../../../../../Git/GameJamUroboros/GameJamUroboros/Content/beffio/Medieval_Kingdom/Content/Textures/Shafts/T_Ray_01_BC.uasset" 191
"../../../../../Git/GameJamUroboros/GameJamUroboros/Content/beffio/Medieval_Kingdom/Content/Materials/Master_Materials/M_Shafts.uasset" 192
"../../../../../Git/GameJamUroboros/GameJamUroboros/Content/beffio/Medieval_Kingdom/Content/Materials/Materials_Instances/Shafts/MI_Shaft_1.uasset" 193
"../../../../../Git/GameJamUroboros/GameJamUroboros/Content/BlueprintsMigrate/SM_Shaft_double_sided.uasset" 194
"../../../../../Git/GameJamUroboros/GameJamUroboros/Content/BlueprintsMigrate/SM_Shaft_flipped.uasset" 195
"../../../../../Git/GameJamUroboros/GameJamUroboros/Content/BlueprintsMigrate/SM_Small_Wall_1.uasset" 196
"../../../../../Git/GameJamUroboros/GameJamUroboros/Content/BlueprintsMigrate/SM_Small_Wall_2.uasset" 197
"../../../../../Git/GameJamUroboros/GameJamUroboros/Content/BlueprintsMigrate/SM_Small_Wall_3.uasset" 198
"../../../../../Git/GameJamUroboros/GameJamUroboros/Content/BlueprintsMigrate/SM_Small_Wall_Half_1.uasset" 199
"../../../../../Git/GameJamUroboros/GameJamUroboros/Content/BlueprintsMigrate/SM_Small_Wall_Half_2.uasset" 200
"../../../../../Git/GameJamUroboros/GameJamUroboros/Content/BlueprintsMigrate/SM_Small_Wall_Half_3.uasset" 201
"../../../../../Git/GameJamUroboros/GameJamUroboros/Content/BlueprintsMigrate/SM_Stairs_1.uasset" 202
"../../../../../Git/GameJamUroboros/GameJamUroboros/Content/BlueprintsMigrate/SM_Stairs_2.uasset" 203
"../../../../../Git/GameJamUroboros/GameJamUroboros/Content/BlueprintsMigrate/SM_Stairs_3.uasset" 204
"../../../../../Git/GameJamUroboros/GameJamUroboros/Content/BlueprintsMigrate/SM_Stairs_Long_1.uasset" 205
"../../../../../Git/GameJamUroboros/GameJamUroboros/Content/BlueprintsMigrate/SM_Stairs_Long_2.uasset" 206
"../../../../../Git/GameJamUroboros/GameJamUroboros/Content/BlueprintsMigrate/SM_Stairs_Long_3.uasset" 207
"../../../../../Git/GameJamUroboros/GameJamUroboros/Content/BlueprintsMigrate/SM_Stonewall_1.uasset" 208
"../../../../../Git/GameJamUroboros/GameJamUroboros/Content/BlueprintsMigrate/SM_Stonewall_2.uasset" 209
"../../../../../Git/GameJamUroboros/GameJamUroboros/Content/beffio/Medieval_Kingdom/Content/Textures/Wall/T_Walls_BC.uasset" 210
"../../../../../Git/GameJamUroboros/GameJamUroboros/Content/beffio/Medieval_Kingdom/Content/Textures/Wall/T_Walls_E.uasset" 211
"../../../../../Git/GameJamUroboros/GameJamUroboros/Content/beffio/Medieval_Kingdom/Content/Textures/Wall/T_Walls_MT.uasset" 212
"../../../../../Git/GameJamUroboros/GameJamUroboros/Content/beffio/Medieval_Kingdom/Content/Textures/Wall/T_Walls_N.uasset" 213
"../../../../../Git/GameJamUroboros/GameJamUroboros/Content/beffio/Medieval_Kingdom/Content/Materials/Materials_Instances/Wall/MI_Wall.uasset" 214
"../../../../../Git/GameJamUroboros/GameJamUroboros/Content/BlueprintsMigrate/SM_Wall_11.uasset" 215
"../../../../../Git/GameJamUroboros/GameJamUroboros/Content/BlueprintsMigrate/SM_Wall_116.uasset" 216
"../../../../../Git/GameJamUroboros/GameJamUroboros/Content/BlueprintsMigrate/SM_Wall_71.uasset" 217
"../../../../../Git/GameJamUroboros/GameJamUroboros/Content/BlueprintsMigrate/SM_Wall_86.uasset" 218
"../../../../../Git/GameJamUroboros/GameJamUroboros/Content/BlueprintsMigrate/SM_Wall_Lamp.uasset" 219
"../../../../../Git/GameJamUroboros/GameJamUroboros/Content/BlueprintsMigrate/SM_Wall_Lamp_1.uasset" 220
"../../../../../Git/GameJamUroboros/GameJamUroboros/Content/BlueprintsMigrate/SM_Wall_Lamp_2.uasset" 221
"../../../../../Git/GameJamUroboros/GameJamUroboros/Content/BlueprintsMigrate/SM_Wall_Lamp_3.uasset" 222
"../../../../../Git/GameJamUroboros/GameJamUroboros/Content/BlueprintsMigrate/SM_Wall_Lamp_4.uasset" 223
"../../../../../Git/GameJamUroboros/GameJamUroboros/Content/GameModes/BP_GameMode.uasset" 224
"../../../../../Git/GameJamUroboros/GameJamUroboros/Content/Potions/Meshes/PotionA.uasset" 225
"../../../../../Git/GameJamUroboros/GameJamUroboros/Content/StarterContent/Textures/T_Brick_Clay_Beveled_D.uasset" 226
"../../../../../Git/GameJamUroboros/GameJamUroboros/Content/StarterContent/Textures/T_Brick_Clay_Beveled_M.uasset" 227
"../../../../../Git/GameJamUroboros/GameJamUroboros/Content/StarterContent/Textures/T_Brick_Clay_Beveled_N.uasset" 228
"../../../../../Git/GameJamUroboros/GameJamUroboros/Content/StarterContent/Materials/M_Brick_Clay_Beveled.uasset" 229
"../../../../../Git/GameJamUroboros/GameJamUroboros/Content/StarterContent/Textures/T_Brick_Clay_New_D.uasset" 230
"../../../../../Git/GameJamUroboros/GameJamUroboros/Content/StarterContent/Textures/T_Brick_Clay_New_M.uasset" 231
"../../../../../Git/GameJamUroboros/GameJamUroboros/Content/StarterContent/Textures/T_Brick_Clay_New_N.uasset" 232
"../../../../../Git/GameJamUroboros/GameJamUroboros/Content/StarterContent/Materials/M_Brick_Clay_New.uasset" 233
"../../../../../Git/GameJamUroboros/GameJamUroboros/Content/StarterContent/Textures/T_Brick_Clay_Old_D.uasset" 234
"../../../../../Git/GameJamUroboros/GameJamUroboros/Content/StarterContent/Textures/T_Brick_Clay_Old_N.uasset" 235
"../../../../../Git/GameJamUroboros/GameJamUroboros/Content/StarterContent/Materials/M_Brick_Clay_Old.uasset" 236
"../../../../../Git/GameJamUroboros/GameJamUroboros/Content/StarterContent/Textures/T_Brick_Hewn_Stone_D.uasset" 237
"../../../../../Git/GameJamUroboros/GameJamUroboros/Content/StarterContent/Textures/T_Brick_Hewn_Stone_M.uasset" 238
"../../../../../Git/GameJamUroboros/GameJamUroboros/Content/StarterContent/Textures/T_Brick_Hewn_Stone_N.uasset" 239
"../../../../../Git/GameJamUroboros/GameJamUroboros/Content/StarterContent/Materials/M_Brick_Hewn_Stone.uasset" 240
"../../../../../Git/GameJamUroboros/GameJamUroboros/Content/StarterContent/Textures/T_Ceramic_Tile_M.uasset" 241
"../../../../../Git/GameJamUroboros/GameJamUroboros/Content/StarterContent/Textures/T_Ceramic_Tile_N.uasset" 242
"../../../../../Git/GameJamUroboros/GameJamUroboros/Content/StarterContent/Textures/T_Rock_Marble_Polished_D.uasset" 243
"../../../../../Git/GameJamUroboros/GameJamUroboros/Content/StarterContent/Materials/M_Ceramic_Tile_Checker.uasset" 244
"../../../../../Git/GameJamUroboros/GameJamUroboros/Content/StarterContent/Textures/T_CobbleStone_Pebble_D.uasset" 245
"../../../../../Git/GameJamUroboros/GameJamUroboros/Content/StarterContent/Textures/T_CobbleStone_Pebble_M.uasset" 246
"../../../../../Git/GameJamUroboros/GameJamUroboros/Content/StarterContent/Textures/T_CobbleStone_Pebble_N.uasset" 247
"../../../../../Git/GameJamUroboros/GameJamUroboros/Content/StarterContent/Materials/M_CobbleStone_Pebble.uasset" 248
"../../../../../Git/GameJamUroboros/GameJamUroboros/Content/StarterContent/Textures/T_CobbleStone_Rough_D.uasset" 249
"../../../../../Git/GameJamUroboros/GameJamUroboros/Content/StarterContent/Textures/T_CobbleStone_Rough_N.uasset" 250
"../../../../../Git/GameJamUroboros/GameJamUroboros/Content/StarterContent/Textures/T_Gradinet_01.uasset" 251
"../../../../../Git/GameJamUroboros/GameJamUroboros/Content/StarterContent/Textures/T_Rock_Smooth_Granite_D.uasset" 252
"../../../../../Git/GameJamUroboros/GameJamUroboros/Content/StarterContent/Materials/M_CobbleStone_Rough.uasset" 253
"../../../../../Git/GameJamUroboros/GameJamUroboros/Content/StarterContent/Textures/T_CobbleStone_Smooth_D.uasset" 254
"../../../../../Git/GameJamUroboros/GameJamUroboros/Content/StarterContent/Textures/T_CobbleStone_Smooth_M.uasset" 255
"../../../../../Git/GameJamUroboros/GameJamUroboros/Content/StarterContent/Textures/T_CobbleStone_Smooth_N.uasset" 256
"../../../../../Git/GameJamUroboros/GameJamUroboros/Content/StarterContent/Materials/M_CobbleStone_Smooth.uasset" 257
"../../../../../Git/GameJamUroboros/GameJamUroboros/Content/StarterContent/Textures/T_Concrete_Grime_D.uasset" 258
"../../../../../Git/GameJamUroboros/GameJamUroboros/Content/StarterContent/Textures/T_Metal_Rust_N.uasset" 259
"../../../../../Git/GameJamUroboros/GameJamUroboros/Content/StarterContent/Materials/M_Concrete_Grime.uasset" 260
"../../../../../Git/GameJamUroboros/GameJamUroboros/Content/StarterContent/Textures/T_Ground_Grass_D.uasset" 261
"../../../../../Git/GameJamUroboros/GameJamUroboros/Content/StarterContent/Textures/T_Ground_Grass_N.uasset" 262
"../../../../../Git/GameJamUroboros/GameJamUroboros/Content/StarterContent/Materials/M_Ground_Grass.uasset" 263
"../../../../../Git/GameJamUroboros/GameJamUroboros/Content/StarterContent/Textures/T_Ground_Gravel_D.uasset" 264
"../../../../../Git/GameJamUroboros/GameJamUroboros/Content/StarterContent/Textures/T_Ground_Gravel_N.uasset" 265
"../../../../../Git/GameJamUroboros/GameJamUroboros/Content/StarterContent/Materials/M_Ground_Gravel.uasset" 266
"../../../../../Git/GameJamUroboros/GameJamUroboros/Content/StarterContent/Textures/T_ground_Moss_D.uasset" 267
"../../../../../Git/GameJamUroboros/GameJamUroboros/Content/StarterContent/Textures/T_Ground_Moss_N.uasset" 268
"../../../../../Git/GameJamUroboros/GameJamUroboros/Content/StarterContent/Materials/M_Ground_Moss.uasset" 269
"../../../../../Git/GameJamUroboros/GameJamUroboros/Content/StarterContent/Materials/M_Metal_Brushed_Nickel.uasset" 270
"../../../../../Git/GameJamUroboros/GameJamUroboros/Content/StarterContent/Materials/M_Metal_Steel.uasset" 271
"../../../../../Git/GameJamUroboros/GameJamUroboros/Content/StarterContent/Textures/T_Rock_Basalt_N.uasset" 272
"../../../../../Git/GameJamUroboros/GameJamUroboros/Content/StarterContent/Materials/M_Rock_Basalt.uasset" 273
"../../../Engine/Content/Animation/DefaultAnimCurveCompressionSettings.uasset" 274
"../../../Engine/Content/ArtTools/RenderToTexture/Meshes/S_1_Unit_Plane.uasset" 275
"../../../Engine/Content/BasicShapes/Sphere.uasset" 276
"../../../Engine/Content/EditorLandscapeResources/DataLayer.uasset" 277
"../../../Engine/Content/EditorMaterials/MAT_Groups_Toggle.uasset" 278
"../../../Engine/Content/EditorMaterials/MAT_Groups_Visibility.uasset" 279
"../../../Engine/Content/EditorMaterials/PreviewShadowIndicator.uasset" 280
"../../../Engine/Content/EditorMaterials/PreviewShadowIndicatorMaterial.uasset" 281
"../../../Engine/Content/EditorMaterials/MatineeGroups/MAT_ColorTrack.uasset" 282
"../../../Engine/Content/EditorMaterials/MatineeGroups/MAT_Groups_Anim.uasset" 283
"../../../Engine/Content/EditorMaterials/MatineeGroups/MAT_Groups_AudioMaster.uasset" 284
"../../../Engine/Content/EditorMaterials/MatineeGroups/MAT_Groups_Director.uasset" 285
"../../../Engine/Content/EditorMaterials/MatineeGroups/MAT_Groups_Event.uasset" 286
"../../../Engine/Content/EditorMaterials/MatineeGroups/MAT_Groups_Fade.uasset" 287
"../../../Engine/Content/EditorMaterials/MatineeGroups/MAT_Groups_Float.uasset" 288
"../../../Engine/Content/EditorMaterials/MatineeGroups/MAT_Groups_Move.uasset" 289
"../../../Engine/Content/EditorMaterials/MatineeGroups/MAT_Groups_Slomo.uasset" 290
"../../../Engine/Content/EditorMaterials/MatineeGroups/MAT_Groups_Sound.uasset" 291
"../../../Engine/Content/EditorMaterials/MatineeGroups/MAT_Groups_Vector.uasset" 292
"../../../Engine/Content/EditorMaterials/ParticleSystems/PSysThumbnail_NoImage.uasset" 293
"../../../Engine/Content/EditorMaterials/ParticleSystems/PSysThumbnail_OOD.uasset" 294
"../../../Engine/Content/EditorMaterials/Camera/CineMat.uasset" 295
"../../../Engine/Content/EditorMaterials/Camera/MI_CineMat_Rig.uasset" 296
"../../../Engine/Content/EditorMeshes/Camera/SM_CraneRig_Arm.uasset" 297
"../../../Engine/Content/EditorMeshes/Camera/SM_CraneRig_Base.uasset" 298
"../../../Engine/Content/EditorMeshes/Camera/SM_CraneRig_Body.uasset" 299
"../../../Engine/Content/EditorMeshes/Camera/SM_CraneRig_Mount.uasset" 300
"../../../Engine/Content/EditorMeshes/Camera/SM_RailRig_Mount.uasset" 301
"../../../Engine/Content/EditorMeshes/Camera/SM_RailRig_Track.uasset" 302
"../../../Engine/Content/EditorResources/BSPVertex.uasset" 303
"../../../Engine/Content/EditorResources/EmptyActor.uasset" 304
"../../../Engine/Content/EditorResources/S_Actor.uasset" 305
"../../../Engine/Content/EditorResources/S_Note.uasset" 306
"../../../Engine/Content/EditorResources/S_Solver.uasset" 307
"../../../Engine/Content/EditorResources/S_Trigger.uasset" 308
"../../../Engine/Content/EditorResources/AudioIcons/S_AudioComponent_AutoActivate.uasset" 309
"../../../Engine/Content/EditorResources/LightIcons/S_LightError.uasset" 310
"../../../Engine/Content/EditorResources/SequenceRecorder/Countdown.uasset" 311
"../../../Engine/Content/EditorResources/SequenceRecorder/RecordingIndicator.uasset" 312
"../../../Engine/Content/EditorSounds/Notifications/CompileFailed.uasset" 313
"../../../Engine/Content/EditorSounds/Notifications/CompileFailed_Cue.uasset" 314
"../../../Engine/Content/EditorSounds/Notifications/CompileSuccess.uasset" 315
"../../../Engine/Content/EditorSounds/Notifications/CompileStart_Cue.uasset" 316
"../../../Engine/Content/EditorSounds/Notifications/CompileSuccess_Cue.uasset" 317
"../../../Engine/Content/EngineDamageTypes/DmgTypeBP_Environmental.uasset" 318
"../../../Engine/Content/EngineDebugMaterials/DebugEditorMaterial.uasset" 319
"../../../Engine/Content/EngineDebugMaterials/DebugMeshMaterial.uasset" 320
"../../../Engine/Content/EngineDebugMaterials/M_SimpleUnlitTranslucent.uasset" 321
"../../../Engine/Content/Functions/Engine_MaterialFunctions02/Utility/CameraDirectionVector.uasset" 322
"../../../Engine/Content/EngineDebugMaterials/VolumeToRender.uasset" 323
"../../../Engine/Content/EngineDebugMaterials/M_VolumeRenderSphereTracePP.uasset" 324
"../../../Engine/Content/EngineDebugMaterials/WireframeMaterial.uasset" 325
"../../../Engine/Content/EngineFonts/Faces/DroidSansFallback.uasset" 326
"../../../Engine/Content/EngineFonts/Faces/RobotoBold.uasset" 327
"../../../Engine/Content/EngineFonts/Faces/RobotoBoldItalic.uasset" 328
"../../../Engine/Content/EngineFonts/Faces/RobotoItalic.uasset" 329
"../../../Engine/Content/EngineFonts/Faces/RobotoLight.uasset" 330
"../../../Engine/Content/EngineFonts/Faces/RobotoRegular.uasset" 331
"../../../Engine/Content/EngineFonts/Roboto.uasset" 332
"../../../Engine/Content/EngineMaterials/BaseFlattenDiffuseMap.uasset" 333
"../../../Engine/Content/EngineMaterials/BaseFlattenEmissiveMap.uasset" 334
"../../../Engine/Content/EngineMaterials/BaseFlattenGrayscaleMap.uasset" 335
"../../../Engine/Content/EngineMaterials/BaseFlattenNormalMap.uasset" 336
"../../../Engine/Content/EngineMaterials/BaseFlattenMaterial.uasset" 337
"../../../Engine/Content/EngineMaterials/BlueNoise.uasset" 338
"../../../Engine/Content/EngineMaterials/DefaultBloomKernel.uasset" 339
"../../../Engine/Content/EngineMaterials/DefaultBokeh.uasset" 340
"../../../Engine/Content/EngineMaterials/DefaultDiffuse.uasset" 341
"../../../Engine/Content/EngineMaterials/DefaultDeferredDecalMaterial.uasset" 342
"../../../Engine/Content/EngineMaterials/DefaultLightFunctionMaterial.uasset" 343
"../../../Engine/Content/EngineMaterials/DefaultPhysicalMaterial.uasset" 344
"../../../Engine/Content/Functions/Engine_MaterialFunctions02/Utility/BreakOutFloat2Components.uasset" 345
"../../../Engine/Content/EngineMaterials/DefaultPostProcessMaterial.uasset" 346
"../../../Engine/Content/EngineFonts/RobotoDistanceField.uasset" 347
"../../../Engine/Content/EngineMaterials/DefaultTextMaterialOpaque.uasset" 348
"../../../Engine/Content/EngineMaterials/DefaultWhiteGrid.uasset" 349
"../../../Engine/Content/EngineMaterials/DefaultWhiteGrid_Low.uasset" 350
"../../../Engine/Content/EngineMaterials/EmissiveMeshMaterial.uasset" 351
"../../../Engine/Content/EngineMaterials/GizmoMaterial.uasset" 352
"../../../Engine/Content/EngineMaterials/Good64x64TilingNoiseHighFreq.uasset" 353
"../../../Engine/Content/EngineMaterials/MiniFont.uasset" 354
"../../../Engine/Content/EngineMaterials/InvalidLightmapSettings.uasset" 355
"../../../Engine/Content/EngineMaterials/M_InvalidLightmapSettings.uasset" 356
"../../../Engine/Content/Functions/Engine_MaterialFunctions02/WorldPositionOffset/CameraOffset.uasset" 357
"../../../Engine/Content/EngineMaterials/PhAT_JointLimitMaterial.uasset" 358
"../../../Engine/Content/EngineMaterials/PreintegratedSkinBRDF.uasset" 359
"../../../Engine/Content/EngineMaterials/RemoveSurfaceMaterial.uasset" 360
"../../../Engine/Content/EngineMaterials/WeightMapPlaceholderTexture.uasset" 361
"../../../Engine/Content/EngineResources/WhiteSquareTexture.uasset" 362
"../../../Engine/Content/EngineMaterials/Widget3DPassThrough.uasset" 363
"../../../Engine/Content/EngineMaterials/Widget3DPassThrough_Masked.uasset" 364
"../../../Engine/Content/EngineMaterials/Widget3DPassThrough_Opaque.uasset" 365
"../../../Engine/Content/EngineMaterials/Widget3DPassThrough_Masked_OneSided.uasset" 366
"../../../Engine/Content/EngineMaterials/Widget3DPassThrough_Opaque_OneSided.uasset" 367
"../../../Engine/Content/EngineMaterials/Widget3DPassThrough_Translucent.uasset" 368
"../../../Engine/Content/EngineMaterials/Widget3DPassThrough_Translucent_OneSided.uasset" 369
"../../../Engine/Content/EngineMeshes/Cylinder.uasset" 370
"../../../Engine/Content/EngineMeshes/Sphere.uasset" 371
"../../../Engine/Content/EngineResources/Black.uasset" 372
"../../../Engine/Content/EngineResources/DefaultTexture.uasset" 373
"../../../Engine/Content/EngineResources/DefaultTextureCube.uasset" 374
"../../../Engine/Content/EngineResources/DefaultVolumeTexture2D.uasset" 375
"../../../Engine/Content/EngineResources/DefaultVolumeTexture.uasset" 376
"../../../Engine/Content/EngineResources/GradientTexture0.uasset" 377
"../../../Engine/Content/EngineSounds/Master.uasset" 378
"../../../Engine/Content/Functions/Engine_MaterialFunctions01/Shading/ConvertFromDiffSpec.uasset" 379
"../../../Engine/Content/Functions/Engine_MaterialFunctions01/Shading/PowerToRoughness.uasset" 380
"../../../Engine/Content/Maps/Templates/Thumbnails/Default.uasset" 381
"../../../Engine/Content/Maps/Templates/Thumbnails/TimeOfDay.uasset" 382
"../../../Engine/Content/Maps/Templates/Thumbnails/VR-Basic.uasset" 383
"../../../Engine/Content/MobileResources/T_MobileControls_texture.uasset" 384
"../../../Engine/Content/MobileResources/T_MobileMenu2.uasset" 385
"../../../Engine/Content/MobileResources/HUD/AnalogHat.uasset" 386
"../../../Engine/Content/MobileResources/HUD/VirtualJoystick_Background.uasset" 387
"../../../Engine/Content/MobileResources/HUD/VirtualJoystick_Thumb.uasset" 388
"../../../Engine/Content/MobileResources/HUD/DefaultVirtualJoysticks.uasset" 389
"../../../Engine/Content/MobileResources/HUD/LeftVirtualJoystickOnly.uasset" 390
"../../../Engine/Content/MobileResources/HUD/MobileHUDButton1_off.uasset" 391
"../../../Engine/Content/MobileResources/HUD/MobileHUDButton1_on.uasset" 392
"../../../Engine/Content/MobileResources/HUD/MobileHUDButton2_off.uasset" 393
"../../../Engine/Content/MobileResources/HUD/MobileHUDButton2_on.uasset" 394
"../../../Engine/Content/MobileResources/HUD/MobileHUDButton3.uasset" 395
"../../../Engine/Content/MobileResources/HUD/MobileHUDButtonFire.uasset" 396
"../../../Engine/Content/MobileResources/HUD/MobileHUDDirectionPad.uasset" 397
"../../../Engine/Content/MobileResources/HUD/MobileHUDDirectionPad2.uasset" 398
"../../../Engine/Content/MobileResources/HUD/MobileHUDDirectionPad3.uasset" 399
"../../../Engine/Content/MobileResources/HUD/MobileHUDDirectionStick.uasset" 400
"../../../Engine/Content/MobileResources/HUD/T_Castle_ThumbstickInner.uasset" 401
"../../../Engine/Content/MobileResources/HUD/T_Castle_ThumbstickOutter.uasset" 402
"../../../Engine/Content/Tutorial/ContentIntroCurve.uasset" 403
"../../../Engine/Content/Tutorial/Basics/LevelEditorAttract.uasset" 404
"../../../Engine/Content/Tutorial/Basics/TutorialAssets/icon_tab_Levels_40x.uasset" 405
"../../../Engine/Content/Tutorial/Basics/LevelEditorOverview.uasset" 406
"../../../Engine/Content/Tutorial/BlueprintTutorials/TutorialAssets/Blueprint_64x.uasset" 407
"../../../Engine/Content/Tutorial/BlueprintTutorials/BlueprintEditorTutorial.uasset" 408
"../../../Engine/Content/VREditor/LaserPointer/VR_LaserPower_01.uasset" 409
"../../../Engine/Content/VREditor/TransformGizmo/TransformGizmoMaterial.uasset" 410
"../../../Engine/Content/VREditor/TransformGizmo/TranslucentTransformGizmoMaterial.uasset" 411
"../../../Engine/Content/VREditor/TransformGizmo/BoundingBoxCorner.uasset" 412
"../../../Engine/Content/VREditor/TransformGizmo/BoundingBoxEdge.uasset" 413
"../../../Engine/Content/VREditor/TransformGizmo/PlaneTranslationHandle.uasset" 414
"../../../Engine/Content/VREditor/TransformGizmo/Main.uasset" 415
"../../../Engine/Content/VREditor/TransformGizmo/Xray.uasset" 416
"../../../Engine/Content/VREditor/TransformGizmo/SM_Sequencer_Key.uasset" 417
"../../../Engine/Content/VREditor/TransformGizmo/SM_Sequencer_Node.uasset" 418
"../../Plugins/2D/Paper2D/Content/PlaceholderTextures/DummySpriteTexture.uasset" 419
"../../Plugins/2D/Paper2D/Content/DummySprite.uasset" 420
"../../Plugins/2D/Paper2D/Content/DefaultPaperTerrainMaterial.uasset" 421
"../../Plugins/2D/Paper2D/Content/DefaultSpriteMaterial.uasset" 422
"../../Plugins/2D/Paper2D/Content/MaskedUnlitSpriteMaterial.uasset" 423
"../../Plugins/2D/Paper2D/Content/OpaqueUnlitSpriteMaterial.uasset" 424
"../../Plugins/FX/Niagara/Content/Enums/ENiagaraBooleanLogicOps.uasset" 425
"../../Plugins/FX/Niagara/Content/Enums/ENiagaraCoordinateSpace.uasset" 426
"../../Plugins/FX/Niagara/Content/Enums/ENiagaraExpansionMode.uasset" 427
"../../Plugins/FX/Niagara/Content/Enums/ENiagaraOrientationAxis.uasset" 428
"../../Plugins/FX/Niagara/Content/Enums/ENiagaraRandomnessMode.uasset" 429
"../../../Engine/Content/Functions/Engine_MaterialFunctions02/Utility/BreakOutFloat4Components.uasset" 430
"../../../Engine/Content/Functions/Engine_MaterialFunctions02/Utility/MakeFloat2.uasset" 431
"../../../Engine/Content/Functions/Engine_MaterialFunctions02/Utility/MakeFloat3.uasset" 432
"../../Plugins/Runtime/Oculus/OculusVR/Content/Materials/OculusMR_ChromaKey.uasset" 433
"../../Plugins/Runtime/Oculus/OculusVR/Content/Materials/OculusMR_ChromaKey_Lit.uasset" 434
"../../Plugins/Runtime/Oculus/OculusVR/Content/Materials/OculusMR_OpaqueColoredMaterial.uasset" 435
"../../Plugins/Runtime/Oculus/OculusVR/Content/Materials/OculusMR_WhiteMaterial.uasset" 436
"../../../../../Git/GameJamUroboros/GameJamUroboros/Content/BlueprintsMigrate/SM_Big_Doors_2.uasset" 437
"../../../../../Git/GameJamUroboros/GameJamUroboros/Content/Blueprints/BP_Exit.uasset" 438
"../../../../../Git/GameJamUroboros/GameJamUroboros/Content/Blueprints/BP_RespawnTrigger.uasset" 439
"../../../../../Git/GameJamUroboros/GameJamUroboros/Content/Widgets/Interface.uasset" 440
"../../../../../Git/GameJamUroboros/GameJamUroboros/Content/Levels/Level_1.umap" 441
"../../../../../Git/GameJamUroboros/GameJamUroboros/Content/Widgets/Captura.uasset" 442
"../../../../../Git/GameJamUroboros/GameJamUroboros/Content/Widgets/StartScreen.uasset" 443
"../../../../../Git/GameJamUroboros/GameJamUroboros/Content/Levels/StartLevel.umap" 444
"../../../../../Git/GameJamUroboros/GameJamUroboros/Content/Blueprints/BP_DestroyableWall.uasset" 445
"../../../../../Git/GameJamUroboros/GameJamUroboros/Content/BlueprintsMigrate/SM_Wooden_Doors.uasset" 446
"../../../../../Git/GameJamUroboros/GameJamUroboros/Content/Blueprints/BP_Door.uasset" 447
"../../../../../Git/GameJamUroboros/GameJamUroboros/Content/beffio/Medieval_Kingdom/Content/Materials/Materials_Instances/MagicStone/MI_Magic_Stone_Disable.uasset" 448
"../../../../../Git/GameJamUroboros/GameJamUroboros/Content/beffio/Medieval_Kingdom/Content/Materials/Materials_Instances/MagicStone/MI_Magic_Stone_Enable.uasset" 449
"../../../../../Git/GameJamUroboros/GameJamUroboros/Content/Blueprints/BP_Interact.uasset" 450
"../../../Engine/Content/BasicShapes/Plane.uasset" 451
"../../../../../Git/GameJamUroboros/GameJamUroboros/Content/Levels/Test_Room.umap" 452
"../../../Engine/Content/Maps/Entry_BuiltData.uasset" 453
"../../../Engine/Content/Maps/Entry.umap" 454
